Using pre-set license
Built from '2020.3/staging' branch; Version is '2020.3.8f1 (507919d4fff5) revision 5273881'; Using compiler version '192528614'; Build Type 'Release'
OS: 'Windows 10 Pro; OS build 19044.1645; Version 2009; 64bit' Language: 'en' Physical Memory: 16169 MB
BatchMode: 1, IsHumanControllingUs: 0, StartBugReporterOnCrash: 0, Is64bit: 1, IsPro: 0

 COMMAND LINE ARGUMENTS:
D:\UnityHub\2020.3.8f1\Editor\Unity.exe
-adb2
-batchMode
-noUpm
-name
AssetImportWorker1
-projectPath
D:/UnityHub/CvLicenta/FolderLicenta/Licenta
-logFile
Logs/AssetImportWorker1.log
-srvPort
50589
Successfully changed project path to: D:/UnityHub/CvLicenta/FolderLicenta/Licenta
D:/UnityHub/CvLicenta/FolderLicenta/Licenta
Using Asset Import Pipeline V2.
Refreshing native plugins compatible for Editor in 21.93 ms, found 0 plugins.
Preloading 0 native plugins for Editor in 0.00 ms.
Initialize engine version: 2020.3.8f1 (507919d4fff5)
[Subsystems] Discovering subsystems at path D:/UnityHub/2020.3.8f1/Editor/Data/Resources/UnitySubsystems
[Subsystems] Discovering subsystems at path D:/UnityHub/CvLicenta/FolderLicenta/Licenta/Assets
GfxDevice: creating device client; threaded=0
Direct3D:
    Version:  Direct3D 11.0 [level 11.1]
    Renderer: NVIDIA GeForce RTX 2070 (ID=0x1f14)
    Vendor:   
    VRAM:     8031 MB
    Driver:   30.0.15.1277
Initialize mono
Mono path[0] = 'D:/UnityHub/2020.3.8f1/Editor/Data/Managed'
Mono path[1] = 'D:/UnityHub/2020.3.8f1/Editor/Data/MonoBleedingEdge/lib/mono/unityjit'
Mono config path = 'D:/UnityHub/2020.3.8f1/Editor/Data/MonoBleedingEdge/etc'
Using monoOptions --debugger-agent=transport=dt_socket,embedding=1,server=y,suspend=n,address=127.0.0.1:56308
Begin MonoManager ReloadAssembly
Registering precompiled unity dll's ...
Register platform support module: D:/UnityHub/2020.3.8f1/Editor/Data/PlaybackEngines/WebGLSupport/UnityEditor.WebGL.Extensions.dll
Register platform support module: D:/UnityHub/2020.3.8f1/Editor/Data/PlaybackEngines/WindowsStandaloneSupport/UnityEditor.WindowsStandalone.Extensions.dll
Registered in 0.000955 seconds.
Native extension for WindowsStandalone target not found
Native extension for WebGL target not found
Refreshing native plugins compatible for Editor in 26.25 ms, found 0 plugins.
Preloading 0 native plugins for Editor in 0.00 ms.
Mono: successfully reloaded assembly
- Completed reload, in  0.856 seconds
Platform modules already initialized, skipping
Registering precompiled user dll's ...
Registered in 0.000653 seconds.
Begin MonoManager ReloadAssembly
Native extension for WindowsStandalone target not found
Native extension for WebGL target not found
Refreshing native plugins compatible for Editor in 0.36 ms, found 0 plugins.
Preloading 0 native plugins for Editor in 0.00 ms.
Mono: successfully reloaded assembly
- Completed reload, in  0.687 seconds
Platform modules already initialized, skipping
========================================================================
Worker process is ready to serve import requests
Launched and connected shader compiler UnityShaderCompiler.exe after 0.08 seconds
Refreshing native plugins compatible for Editor in 0.22 ms, found 0 plugins.
Preloading 0 native plugins for Editor in 0.00 ms.
Unloading 1139 Unused Serialized files (Serialized files now loaded: 0)
System memory in use before: 149.5 MB.
System memory in use after: 149.5 MB.

Unloading 9 unused Assets to reduce memory usage. Loaded Objects now: 1610.
Total: 1.421600 ms (FindLiveObjects: 0.117300 ms CreateObjectMapping: 0.033800 ms MarkObjects: 1.207800 ms  DeleteObjects: 0.061800 ms)

========================================================================
Received Import Request.
  path: Assets/ANGRY MESH/Snowman/Prefabs/Snowman_03.prefab
  artifactKey: Guid(9f9523a1db9c56e45a3896f572a17305) Importer(815301076,1909f56bfc062723c751e8b465ee728b)
Start importing Assets/ANGRY MESH/Snowman/Prefabs/Snowman_03.prefab using Guid(9f9523a1db9c56e45a3896f572a17305) Importer(815301076,1909f56bfc062723c751e8b465ee728b)  -> (artifact id: 'cd6fa636e0f51684a4b7e9f080cfce8f') in 0.135820 seconds
  Import took 0.137610 seconds .

========================================================================
Received Import Request.
  Time since last request: 0.000261 seconds.
  path: Assets/ANGRY MESH/Snowman/Prefabs/Snow_Particles.prefab
  artifactKey: Guid(4ca04dc9501451e498e3f029e625ccaf) Importer(815301076,1909f56bfc062723c751e8b465ee728b)
Start importing Assets/ANGRY MESH/Snowman/Prefabs/Snow_Particles.prefab using Guid(4ca04dc9501451e498e3f029e625ccaf) Importer(815301076,1909f56bfc062723c751e8b465ee728b)  -> (artifact id: '8b7c356f89a57fcd81ba341d8eda4150') in 0.009743 seconds
  Import took 0.011425 seconds .

========================================================================
Received Import Request.
  Time since last request: 0.000250 seconds.
  path: Assets/ANGRY MESH/Snowman/Prefabs/Snowman_02.prefab
  artifactKey: Guid(7c1543f51c5b8cc488fc53ab3cbffbb1) Importer(815301076,1909f56bfc062723c751e8b465ee728b)
Start importing Assets/ANGRY MESH/Snowman/Prefabs/Snowman_02.prefab using Guid(7c1543f51c5b8cc488fc53ab3cbffbb1) Importer(815301076,1909f56bfc062723c751e8b465ee728b)  -> (artifact id: '7147b5fd7082772ee3e4c47210197441') in 0.023496 seconds
  Import took 0.025219 seconds .

========================================================================
Received Import Request.
  Time since last request: 0.000167 seconds.
  path: Assets/ANGRY MESH/Snowman/Sources/Materials/Snow_Particles.mat
  artifactKey: Guid(5850c4fb0bfafcb4b9572bbd9189bbdf) Importer(815301076,1909f56bfc062723c751e8b465ee728b)
Start importing Assets/ANGRY MESH/Snowman/Sources/Materials/Snow_Particles.mat using Guid(5850c4fb0bfafcb4b9572bbd9189bbdf) Importer(815301076,1909f56bfc062723c751e8b465ee728b)  -> (artifact id: 'f693a069f89a76f5e7766cbc0296f1a2') in 0.021968 seconds
  Import took 0.023631 seconds .

========================================================================
Received Import Request.
  Time since last request: 0.000215 seconds.
  path: Assets/ANGRY MESH/Snowman/Prefabs/Snowman_01.prefab
  artifactKey: Guid(af67ec531803f32419e99a1b4efdb52d) Importer(815301076,1909f56bfc062723c751e8b465ee728b)
Start importing Assets/ANGRY MESH/Snowman/Prefabs/Snowman_01.prefab using Guid(af67ec531803f32419e99a1b4efdb52d) Importer(815301076,1909f56bfc062723c751e8b465ee728b)  -> (artifact id: 'e2381566c029db27aecb5cb239378361') in 0.023265 seconds
  Import took 0.025063 seconds .

========================================================================
Received Import Request.
  Time since last request: 0.000154 seconds.
  path: Assets/ANGRY MESH/Snowman/Prefabs
  artifactKey: Guid(b0c2d5c87589b92459b1694c235486aa) Importer(815301076,1909f56bfc062723c751e8b465ee728b)
Start importing Assets/ANGRY MESH/Snowman/Prefabs using Guid(b0c2d5c87589b92459b1694c235486aa) Importer(815301076,1909f56bfc062723c751e8b465ee728b)  -> (artifact id: 'f241cdd3827c58e1aaac9aa3eff3a9fa') in 0.004423 seconds
  Import took 0.006062 seconds .

========================================================================
Received Import Request.
  Time since last request: 6.397156 seconds.
  path: Assets/ANGRY MESH/Snowman/Snowman_Terrain.asset
  artifactKey: Guid(13791977a344a3445872baf8b112246f) Importer(815301076,1909f56bfc062723c751e8b465ee728b)
Start importing Assets/ANGRY MESH/Snowman/Snowman_Terrain.asset using Guid(13791977a344a3445872baf8b112246f) Importer(815301076,1909f56bfc062723c751e8b465ee728b) Received signal SIGSEGV
Stack trace:
0x00007ff674ce4a9a (Unity) CreateAssetToGUIDMappingV2
0x00007ff674c47790 (Unity) AssetDatabase::CreateAssetToGUIDMapping
0x00007ff673a58a05 (Unity) SplatDatabase::CreateTerrainLayerAsset
0x00007ff673a576c0 (Unity) SplatDatabase::ConvertSplatsToTerrainLayers
0x00007ff673a5466c (Unity) SplatDatabase::AwakeFromLoad
0x00007ff673a9f0d6 (Unity) TerrainData::AwakeFromLoad
0x00007ff673610e2f (Unity) AwakeFromLoadQueue::InvokePersistentManagerAwake
0x00007ff673611782 (Unity) AwakeFromLoadQueue::PersistentManagerAwakeFromLoad
0x00007ff67361190a (Unity) AwakeFromLoadQueue::PersistentManagerAwakeFromLoad
0x00007ff67359d02e (Unity) PersistentManager::IntegrateAllThreadedObjects
0x00007ff67359da47 (Unity) PersistentManager::LoadAndIntegrateAllPreallocatedObjects
0x00007ff6735a0f93 (Unity) PersistentManager::ReadObject
0x00007ff674c40041 (Unity) WritePreviews
0x00007ff674c39efe (Unity) PreviewImporter::GenerateAssetData
0x00007ff674d29a09 (Unity) ImportToObjects
0x00007ff674d28b19 (Unity) ImportAsset
0x00007ff674c8ab78 (Unity) AssetImportWorker::Import
0x00007ff674cdeb6f (Unity) <lambda_e7e5f5e49556456463706cfa5dd72d0a>::operator()
0x00007ff674d81ad2 (Unity) asio::detail::completion_handler<core::mutable_function<void __cdecl(void)> >::do_complete
0x00007ff674d83c30 (Unity) asio::detail::win_iocp_io_service::do_one
0x00007ff674d873be (Unity) asio::io_service::run
0x00007ff674d0aa6b (Unity) RunAssetImportWorkerClientV2
0x00007ff674d0aac0 (Unity) RunAssetImporterV2
0x00007ff6741fc396 (Unity) Application::InitializeProject
0x00007ff674b7f492 (Unity) WinMain
0x00007ff6769c46e6 (Unity) __scrt_common_main_seh
0x00007ff853577034 (KERNEL32) BaseThreadInitThunk
0x00007ff854ba2651 (ntdll) RtlUserThreadStart

