Using pre-set license
Built from '2020.3/staging' branch; Version is '2020.3.8f1 (507919d4fff5) revision 5273881'; Using compiler version '192528614'; Build Type 'Release'
OS: 'Windows 10 Pro; OS build 19044.1586; Version 2009; 64bit' Language: 'en' Physical Memory: 16169 MB
BatchMode: 1, IsHumanControllingUs: 0, StartBugReporterOnCrash: 0, Is64bit: 1, IsPro: 0

 COMMAND LINE ARGUMENTS:
D:\UnityHub\2020.3.8f1\Editor\Unity.exe
-adb2
-batchMode
-noUpm
-name
AssetImportWorker0
-projectPath
D:/UnityHub/CvLicenta/FolderLicenta/Licenta
-logFile
Logs/AssetImportWorker0.log
-srvPort
53175
Successfully changed project path to: D:/UnityHub/CvLicenta/FolderLicenta/Licenta
D:/UnityHub/CvLicenta/FolderLicenta/Licenta
Using Asset Import Pipeline V2.
Refreshing native plugins compatible for Editor in 20.34 ms, found 0 plugins.
Preloading 0 native plugins for Editor in 0.00 ms.
Initialize engine version: 2020.3.8f1 (507919d4fff5)
[Subsystems] Discovering subsystems at path D:/UnityHub/2020.3.8f1/Editor/Data/Resources/UnitySubsystems
[Subsystems] Discovering subsystems at path D:/UnityHub/CvLicenta/FolderLicenta/Licenta/Assets
GfxDevice: creating device client; threaded=0
Direct3D:
    Version:  Direct3D 11.0 [level 11.1]
    Renderer: NVIDIA GeForce RTX 2070 (ID=0x1f14)
    Vendor:   
    VRAM:     8031 MB
    Driver:   30.0.15.1179
Initialize mono
Mono path[0] = 'D:/UnityHub/2020.3.8f1/Editor/Data/Managed'
Mono path[1] = 'D:/UnityHub/2020.3.8f1/Editor/Data/MonoBleedingEdge/lib/mono/unityjit'
Mono config path = 'D:/UnityHub/2020.3.8f1/Editor/Data/MonoBleedingEdge/etc'
Using monoOptions --debugger-agent=transport=dt_socket,embedding=1,server=y,suspend=n,address=127.0.0.1:56444
Begin MonoManager ReloadAssembly
Registering precompiled unity dll's ...
Register platform support module: D:/UnityHub/2020.3.8f1/Editor/Data/PlaybackEngines/WebGLSupport/UnityEditor.WebGL.Extensions.dll
Register platform support module: D:/UnityHub/2020.3.8f1/Editor/Data/PlaybackEngines/WindowsStandaloneSupport/UnityEditor.WindowsStandalone.Extensions.dll
Registered in 0.000973 seconds.
Native extension for WindowsStandalone target not found
Native extension for WebGL target not found
Refreshing native plugins compatible for Editor in 21.08 ms, found 0 plugins.
Preloading 0 native plugins for Editor in 0.00 ms.
Mono: successfully reloaded assembly
- Completed reload, in  0.770 seconds
Platform modules already initialized, skipping
Registering precompiled user dll's ...
Registered in 0.000416 seconds.
Begin MonoManager ReloadAssembly
Native extension for WindowsStandalone target not found
Native extension for WebGL target not found
Refreshing native plugins compatible for Editor in 0.20 ms, found 0 plugins.
Preloading 0 native plugins for Editor in 0.00 ms.
Mono: successfully reloaded assembly
- Completed reload, in  0.659 seconds
Platform modules already initialized, skipping
========================================================================
Worker process is ready to serve import requests
Launched and connected shader compiler UnityShaderCompiler.exe after 0.05 seconds
Refreshing native plugins compatible for Editor in 0.20 ms, found 0 plugins.
Preloading 0 native plugins for Editor in 0.00 ms.
Unloading 1139 Unused Serialized files (Serialized files now loaded: 0)
System memory in use before: 129.7 MB.
System memory in use after: 129.7 MB.

Unloading 10 unused Assets to reduce memory usage. Loaded Objects now: 1587.
Total: 1.282100 ms (FindLiveObjects: 0.119600 ms CreateObjectMapping: 0.031200 ms MarkObjects: 1.072700 ms  DeleteObjects: 0.057800 ms)

========================================================================
Received Import Request.
  path: Assets/Enemies/Rapizi 1/Enemy_Rapizi.prefab
  artifactKey: Guid(eaaac2df4bc44cd49a9ad21f2d5b7c3b) Importer(815301076,1909f56bfc062723c751e8b465ee728b)
Start importing Assets/Enemies/Rapizi 1/Enemy_Rapizi.prefab using Guid(eaaac2df4bc44cd49a9ad21f2d5b7c3b) Importer(815301076,1909f56bfc062723c751e8b465ee728b)  -> (artifact id: 'ad986df56e15a8e8365b433974a58275') in 0.096393 seconds
  Import took 0.098039 seconds .

========================================================================
Received Import Request.
  Time since last request: 0.000210 seconds.
  path: Assets/Enemies/Rapizi 1/EnemyDeathEffect_Rapizi.prefab
  artifactKey: Guid(c199b23e0a254a0489580043ac67498d) Importer(815301076,1909f56bfc062723c751e8b465ee728b)
Start importing Assets/Enemies/Rapizi 1/EnemyDeathEffect_Rapizi.prefab using Guid(c199b23e0a254a0489580043ac67498d) Importer(815301076,1909f56bfc062723c751e8b465ee728b)  -> (artifact id: '5fcaa111b9fa37f170b11f672d310606') in 0.007229 seconds
  Import took 0.009402 seconds .

========================================================================
Received Import Request.
  Time since last request: 0.000220 seconds.
  path: Assets/Enemies/Rapizi 1/Enemy_Rapizi.mat
  artifactKey: Guid(ed7d5555f04b9264797990dee98745eb) Importer(815301076,1909f56bfc062723c751e8b465ee728b)
Start importing Assets/Enemies/Rapizi 1/Enemy_Rapizi.mat using Guid(ed7d5555f04b9264797990dee98745eb) Importer(815301076,1909f56bfc062723c751e8b465ee728b)  -> (artifact id: '230a4a59afa819f5453092dfd56a8c3b') in 0.023980 seconds
  Import took 0.025923 seconds .

========================================================================
Received Import Request.
  Time since last request: 12.905994 seconds.
  path: Assets/Enemies/Ufo/Enemy_Rapizi.prefab
  artifactKey: Guid(eaaac2df4bc44cd49a9ad21f2d5b7c3b) Importer(815301076,1909f56bfc062723c751e8b465ee728b)
Start importing Assets/Enemies/Ufo/Enemy_Rapizi.prefab using Guid(eaaac2df4bc44cd49a9ad21f2d5b7c3b) Importer(815301076,1909f56bfc062723c751e8b465ee728b)  -> (artifact id: '9fdd966dee2b1b088512ee34d1134079') in 0.020561 seconds
  Import took 0.022754 seconds .

========================================================================
Received Import Request.
  Time since last request: 56.981287 seconds.
  path: Assets/Enemies/Ufo/EnemyDeathEffect_Ufo.prefab
  artifactKey: Guid(c199b23e0a254a0489580043ac67498d) Importer(815301076,1909f56bfc062723c751e8b465ee728b)
Start importing Assets/Enemies/Ufo/EnemyDeathEffect_Ufo.prefab using Guid(c199b23e0a254a0489580043ac67498d) Importer(815301076,1909f56bfc062723c751e8b465ee728b)  -> (artifact id: 'e0e7ca6f6f51095372a5b2f9d91e3e19') in 0.006358 seconds
  Import took 0.008426 seconds .

========================================================================
Received Import Request.
  Time since last request: 4.206694 seconds.
  path: Assets/Enemies/Ufo/Enemy_Ufo.mat
  artifactKey: Guid(ed7d5555f04b9264797990dee98745eb) Importer(815301076,1909f56bfc062723c751e8b465ee728b)
Start importing Assets/Enemies/Ufo/Enemy_Ufo.mat using Guid(ed7d5555f04b9264797990dee98745eb) Importer(815301076,1909f56bfc062723c751e8b465ee728b)  -> (artifact id: '043ec9daab1fe31aac9f5d62592b186b') in 0.010749 seconds
  Import took 0.012382 seconds .

========================================================================
Received Import Request.
  Time since last request: 15.089870 seconds.
  path: Assets/Enemies/Ufo/Enemy_Ufo.prefab
  artifactKey: Guid(eaaac2df4bc44cd49a9ad21f2d5b7c3b) Importer(815301076,1909f56bfc062723c751e8b465ee728b)
Start importing Assets/Enemies/Ufo/Enemy_Ufo.prefab using Guid(eaaac2df4bc44cd49a9ad21f2d5b7c3b) Importer(815301076,1909f56bfc062723c751e8b465ee728b)  -> (artifact id: '35e316153341da39738cdaf9fccc2e18') in 0.010332 seconds
  Import took 0.012751 seconds .

========================================================================
Received Import Request.
  Time since last request: 110.507135 seconds.
  path: Assets/Enemies/Ufo/Enemy_Ufo.prefab
  artifactKey: Guid(eaaac2df4bc44cd49a9ad21f2d5b7c3b) Importer(815301076,1909f56bfc062723c751e8b465ee728b)
Start importing Assets/Enemies/Ufo/Enemy_Ufo.prefab using Guid(eaaac2df4bc44cd49a9ad21f2d5b7c3b) Importer(815301076,1909f56bfc062723c751e8b465ee728b)  -> (artifact id: '6354f24b28d2d3fa8ba737fd7f8b5f21') in 0.007178 seconds
  Import took 0.009355 seconds .

========================================================================
Received Import Request.
  Time since last request: 19.596166 seconds.
  path: Assets/Enemies/Ufo/EnemyDeathEffect_Ufo.prefab
  artifactKey: Guid(c199b23e0a254a0489580043ac67498d) Importer(815301076,1909f56bfc062723c751e8b465ee728b)
Start importing Assets/Enemies/Ufo/EnemyDeathEffect_Ufo.prefab using Guid(c199b23e0a254a0489580043ac67498d) Importer(815301076,1909f56bfc062723c751e8b465ee728b)  -> (artifact id: 'bec6c5dfcbbac4830c12fd15637ecd0d') in 0.002971 seconds
  Import took 0.004725 seconds .

========================================================================
Received Import Request.
  Time since last request: 0.000968 seconds.
  path: Assets/Enemies/Ufo/EnemyDeathEffect_Ufo.prefab
  artifactKey: Guid(c199b23e0a254a0489580043ac67498d) Importer(815301076,1909f56bfc062723c751e8b465ee728b)
Start importing Assets/Enemies/Ufo/EnemyDeathEffect_Ufo.prefab using Guid(c199b23e0a254a0489580043ac67498d) Importer(815301076,1909f56bfc062723c751e8b465ee728b)  -> (artifact id: 'bec6c5dfcbbac4830c12fd15637ecd0d') in 0.002544 seconds
  Import took 0.004306 seconds .

========================================================================
Received Import Request.
  Time since last request: 12.065337 seconds.
  path: Assets/Enemies/Ufo/Enemy_Ufo.prefab
  artifactKey: Guid(eaaac2df4bc44cd49a9ad21f2d5b7c3b) Importer(815301076,1909f56bfc062723c751e8b465ee728b)
Start importing Assets/Enemies/Ufo/Enemy_Ufo.prefab using Guid(eaaac2df4bc44cd49a9ad21f2d5b7c3b) Importer(815301076,1909f56bfc062723c751e8b465ee728b)  -> (artifact id: '7736b0694efda8c9dfa42e8554f945e7') in 0.006647 seconds
  Import took 0.008565 seconds .

========================================================================
Received Import Request.
  Time since last request: 9.502329 seconds.
  path: Assets/Enemies/Ufo/Enemy_Ufo.mat
  artifactKey: Guid(ed7d5555f04b9264797990dee98745eb) Importer(815301076,1909f56bfc062723c751e8b465ee728b)
Start importing Assets/Enemies/Ufo/Enemy_Ufo.mat using Guid(ed7d5555f04b9264797990dee98745eb) Importer(815301076,1909f56bfc062723c751e8b465ee728b)  -> (artifact id: '7a2e602ddc3c7903a02892cb448bb66b') in 0.007379 seconds
  Import took 0.009132 seconds .

========================================================================
Received Prepare
Registering precompiled user dll's ...
Registered in 0.000598 seconds.
Begin MonoManager ReloadAssembly
Native extension for WindowsStandalone target not found
Native extension for WebGL target not found
Refreshing native plugins compatible for Editor in 0.20 ms, found 0 plugins.
Preloading 0 native plugins for Editor in 0.00 ms.
Mono: successfully reloaded assembly
- Completed reload, in  0.627 seconds
Platform modules already initialized, skipping
Refreshing native plugins compatible for Editor in 0.22 ms, found 0 plugins.
Preloading 0 native plugins for Editor in 0.00 ms.
Unloading 1134 Unused Serialized files (Serialized files now loaded: 0)
System memory in use before: 133.0 MB.
System memory in use after: 133.1 MB.

Unloading 5 unused Assets to reduce memory usage. Loaded Objects now: 1632.
Total: 1.313100 ms (FindLiveObjects: 0.107500 ms CreateObjectMapping: 0.029900 ms MarkObjects: 1.140200 ms  DeleteObjects: 0.034600 ms)

========================================================================
Received Prepare
Registering precompiled user dll's ...
Registered in 0.000434 seconds.
Begin MonoManager ReloadAssembly
Native extension for WindowsStandalone target not found
Native extension for WebGL target not found
Refreshing native plugins compatible for Editor in 0.21 ms, found 0 plugins.
Preloading 0 native plugins for Editor in 0.00 ms.
Mono: successfully reloaded assembly
- Completed reload, in  0.621 seconds
Platform modules already initialized, skipping
Refreshing native plugins compatible for Editor in 0.20 ms, found 0 plugins.
Preloading 0 native plugins for Editor in 0.00 ms.
Unloading 1134 Unused Serialized files (Serialized files now loaded: 0)
System memory in use before: 133.0 MB.
System memory in use after: 133.1 MB.

Unloading 5 unused Assets to reduce memory usage. Loaded Objects now: 1635.
Total: 1.430100 ms (FindLiveObjects: 0.124100 ms CreateObjectMapping: 0.031300 ms MarkObjects: 1.237000 ms  DeleteObjects: 0.036700 ms)

========================================================================
Received Prepare
Registering precompiled user dll's ...
Registered in 0.000607 seconds.
Begin MonoManager ReloadAssembly
Native extension for WindowsStandalone target not found
Native extension for WebGL target not found
Refreshing native plugins compatible for Editor in 0.21 ms, found 0 plugins.
Preloading 0 native plugins for Editor in 0.00 ms.
Mono: successfully reloaded assembly
- Completed reload, in  0.622 seconds
Platform modules already initialized, skipping
Refreshing native plugins compatible for Editor in 0.21 ms, found 0 plugins.
Preloading 0 native plugins for Editor in 0.00 ms.
Unloading 1134 Unused Serialized files (Serialized files now loaded: 0)
System memory in use before: 133.0 MB.
System memory in use after: 133.1 MB.

Unloading 5 unused Assets to reduce memory usage. Loaded Objects now: 1638.
Total: 1.412100 ms (FindLiveObjects: 0.121500 ms CreateObjectMapping: 0.030700 ms MarkObjects: 1.219300 ms  DeleteObjects: 0.039700 ms)

========================================================================
Received Import Request.
  Time since last request: 138.490255 seconds.
  path: Assets/Enemies/Ufo/Enemy_Ufo.prefab
  artifactKey: Guid(eaaac2df4bc44cd49a9ad21f2d5b7c3b) Importer(815301076,1909f56bfc062723c751e8b465ee728b)
Start importing Assets/Enemies/Ufo/Enemy_Ufo.prefab using Guid(eaaac2df4bc44cd49a9ad21f2d5b7c3b) Importer(815301076,1909f56bfc062723c751e8b465ee728b)  -> (artifact id: '9baf0665f8f77e0830048f2a9e979b52') in 0.063864 seconds
  Import took 0.065630 seconds .

========================================================================
Received Prepare
Registering precompiled user dll's ...
Registered in 0.000584 seconds.
Begin MonoManager ReloadAssembly
Native extension for WindowsStandalone target not found
Native extension for WebGL target not found
Refreshing native plugins compatible for Editor in 0.20 ms, found 0 plugins.
Preloading 0 native plugins for Editor in 0.00 ms.
Mono: successfully reloaded assembly
- Completed reload, in  0.614 seconds
Platform modules already initialized, skipping
Refreshing native plugins compatible for Editor in 0.20 ms, found 0 plugins.
Preloading 0 native plugins for Editor in 0.00 ms.
Unloading 1134 Unused Serialized files (Serialized files now loaded: 0)
System memory in use before: 133.0 MB.
System memory in use after: 133.1 MB.

Unloading 5 unused Assets to reduce memory usage. Loaded Objects now: 1642.
Total: 1.338700 ms (FindLiveObjects: 0.125200 ms CreateObjectMapping: 0.031800 ms MarkObjects: 1.144300 ms  DeleteObjects: 0.036500 ms)

========================================================================
Received Import Request.
  Time since last request: 218.798606 seconds.
  path: Assets/Imports/Kenney/Materials/detail_crystalLarge.mat
  artifactKey: Guid(51aef4b2d56dada4f81e795bc1b02d2e) Importer(815301076,1909f56bfc062723c751e8b465ee728b)
Start importing Assets/Imports/Kenney/Materials/detail_crystalLarge.mat using Guid(51aef4b2d56dada4f81e795bc1b02d2e) Importer(815301076,1909f56bfc062723c751e8b465ee728b)  -> (artifact id: '7d112b6244bf8789460a218c844cbf75') in 0.053984 seconds
  Import took 0.056130 seconds .

========================================================================
Received Import Request.
  Time since last request: 0.003336 seconds.
  path: Assets/Imports/Kenney/Materials/detail_crystalLarge.mat
  artifactKey: Guid(51aef4b2d56dada4f81e795bc1b02d2e) Importer(815301076,1909f56bfc062723c751e8b465ee728b)
Start importing Assets/Imports/Kenney/Materials/detail_crystalLarge.mat using Guid(51aef4b2d56dada4f81e795bc1b02d2e) Importer(815301076,1909f56bfc062723c751e8b465ee728b)  -> (artifact id: '7d112b6244bf8789460a218c844cbf75') in 0.010304 seconds
  Import took 0.012530 seconds .

========================================================================
Received Import Request.
  Time since last request: 88.103703 seconds.
  path: Assets/Enemies/Ufo/Enemy_Ufo.prefab
  artifactKey: Guid(eaaac2df4bc44cd49a9ad21f2d5b7c3b) Importer(815301076,1909f56bfc062723c751e8b465ee728b)
Start importing Assets/Enemies/Ufo/Enemy_Ufo.prefab using Guid(eaaac2df4bc44cd49a9ad21f2d5b7c3b) Importer(815301076,1909f56bfc062723c751e8b465ee728b)  -> (artifact id: '6a4f93a1748de2c0b9549378f951c87b') in 0.031152 seconds
  Import took 0.033318 seconds .

========================================================================
Received Prepare
Registering precompiled user dll's ...
Registered in 0.000417 seconds.
Begin MonoManager ReloadAssembly
Native extension for WindowsStandalone target not found
Native extension for WebGL target not found
Refreshing native plugins compatible for Editor in 0.20 ms, found 0 plugins.
Preloading 0 native plugins for Editor in 0.00 ms.
Mono: successfully reloaded assembly
- Completed reload, in  0.599 seconds
Platform modules already initialized, skipping
Refreshing native plugins compatible for Editor in 0.20 ms, found 0 plugins.
Preloading 0 native plugins for Editor in 0.00 ms.
Unloading 1134 Unused Serialized files (Serialized files now loaded: 0)
System memory in use before: 133.1 MB.
System memory in use after: 133.1 MB.

Unloading 5 unused Assets to reduce memory usage. Loaded Objects now: 1646.
Total: 1.269200 ms (FindLiveObjects: 0.115400 ms CreateObjectMapping: 0.032100 ms MarkObjects: 1.084400 ms  DeleteObjects: 0.036600 ms)

========================================================================
Received Prepare
Registering precompiled user dll's ...
Registered in 0.000432 seconds.
Begin MonoManager ReloadAssembly
Native extension for WindowsStandalone target not found
Native extension for WebGL target not found
Refreshing native plugins compatible for Editor in 0.20 ms, found 0 plugins.
Preloading 0 native plugins for Editor in 0.00 ms.
Mono: successfully reloaded assembly
- Completed reload, in  0.616 seconds
Platform modules already initialized, skipping
Refreshing native plugins compatible for Editor in 0.21 ms, found 0 plugins.
Preloading 0 native plugins for Editor in 0.00 ms.
Unloading 1134 Unused Serialized files (Serialized files now loaded: 0)
System memory in use before: 133.1 MB.
System memory in use after: 133.1 MB.

Unloading 5 unused Assets to reduce memory usage. Loaded Objects now: 1649.
Total: 1.313800 ms (FindLiveObjects: 0.113000 ms CreateObjectMapping: 0.031200 ms MarkObjects: 1.126200 ms  DeleteObjects: 0.042600 ms)

AssetImportWorkerClient::OnTransportError - code=2 error=End of file
