Using pre-set license
Built from '2020.3/staging' branch; Version is '2020.3.8f1 (507919d4fff5) revision 5273881'; Using compiler version '192528614'; Build Type 'Release'
OS: 'Windows 10 Pro; OS build 19044.1645; Version 2009; 64bit' Language: 'en' Physical Memory: 16169 MB
BatchMode: 1, IsHumanControllingUs: 0, StartBugReporterOnCrash: 0, Is64bit: 1, IsPro: 0

 COMMAND LINE ARGUMENTS:
D:\UnityHub\2020.3.8f1\Editor\Unity.exe
-adb2
-batchMode
-noUpm
-name
AssetImportWorker2
-projectPath
D:/UnityHub/CvLicenta/FolderLicenta/Licenta
-logFile
Logs/AssetImportWorker2.log
-srvPort
50589
Successfully changed project path to: D:/UnityHub/CvLicenta/FolderLicenta/Licenta
D:/UnityHub/CvLicenta/FolderLicenta/Licenta
Using Asset Import Pipeline V2.
Refreshing native plugins compatible for Editor in 23.40 ms, found 0 plugins.
Preloading 0 native plugins for Editor in 0.00 ms.
Initialize engine version: 2020.3.8f1 (507919d4fff5)
[Subsystems] Discovering subsystems at path D:/UnityHub/2020.3.8f1/Editor/Data/Resources/UnitySubsystems
[Subsystems] Discovering subsystems at path D:/UnityHub/CvLicenta/FolderLicenta/Licenta/Assets
GfxDevice: creating device client; threaded=0
Direct3D:
    Version:  Direct3D 11.0 [level 11.1]
    Renderer: NVIDIA GeForce RTX 2070 (ID=0x1f14)
    Vendor:   
    VRAM:     8031 MB
    Driver:   30.0.15.1277
Initialize mono
Mono path[0] = 'D:/UnityHub/2020.3.8f1/Editor/Data/Managed'
Mono path[1] = 'D:/UnityHub/2020.3.8f1/Editor/Data/MonoBleedingEdge/lib/mono/unityjit'
Mono config path = 'D:/UnityHub/2020.3.8f1/Editor/Data/MonoBleedingEdge/etc'
Using monoOptions --debugger-agent=transport=dt_socket,embedding=1,server=y,suspend=n,address=127.0.0.1:56188
Begin MonoManager ReloadAssembly
Registering precompiled unity dll's ...
Register platform support module: D:/UnityHub/2020.3.8f1/Editor/Data/PlaybackEngines/WebGLSupport/UnityEditor.WebGL.Extensions.dll
Register platform support module: D:/UnityHub/2020.3.8f1/Editor/Data/PlaybackEngines/WindowsStandaloneSupport/UnityEditor.WindowsStandalone.Extensions.dll
Registered in 0.000961 seconds.
Native extension for WindowsStandalone target not found
Native extension for WebGL target not found
Refreshing native plugins compatible for Editor in 22.78 ms, found 0 plugins.
Preloading 0 native plugins for Editor in 0.00 ms.
Mono: successfully reloaded assembly
- Completed reload, in  0.760 seconds
Platform modules already initialized, skipping
Registering precompiled user dll's ...
Registered in 0.000414 seconds.
Begin MonoManager ReloadAssembly
Native extension for WindowsStandalone target not found
Native extension for WebGL target not found
Refreshing native plugins compatible for Editor in 0.22 ms, found 0 plugins.
Preloading 0 native plugins for Editor in 0.00 ms.
Mono: successfully reloaded assembly
- Completed reload, in  0.646 seconds
Platform modules already initialized, skipping
========================================================================
Worker process is ready to serve import requests
Launched and connected shader compiler UnityShaderCompiler.exe after 0.05 seconds
Refreshing native plugins compatible for Editor in 0.22 ms, found 0 plugins.
Preloading 0 native plugins for Editor in 0.00 ms.
Unloading 1139 Unused Serialized files (Serialized files now loaded: 0)
System memory in use before: 149.5 MB.
System memory in use after: 149.5 MB.

Unloading 9 unused Assets to reduce memory usage. Loaded Objects now: 1610.
Total: 1.313000 ms (FindLiveObjects: 0.112300 ms CreateObjectMapping: 0.031500 ms MarkObjects: 1.108700 ms  DeleteObjects: 0.059600 ms)

========================================================================
Received Import Request.
  path: Assets/ANGRY MESH/Snowman/Sources/Textures/Ground_Snow_Albedo.tga
  artifactKey: Guid(b620524d595fc1a46b86ba918c279994) Importer(815301076,1909f56bfc062723c751e8b465ee728b)
Start importing Assets/ANGRY MESH/Snowman/Sources/Textures/Ground_Snow_Albedo.tga using Guid(b620524d595fc1a46b86ba918c279994) Importer(815301076,1909f56bfc062723c751e8b465ee728b)  -> (artifact id: '2fcae467d6e72bb6c1eee455c0e538c8') in 0.077888 seconds
  Import took 0.079689 seconds .

========================================================================
Received Import Request.
  Time since last request: 0.000236 seconds.
  path: Assets/ANGRY MESH/Snowman/Sources/Textures/Snowman_Albedo_01 (A Smoothness).tga
  artifactKey: Guid(af34d5250cbec6048ada82f96fd8eb2f) Importer(815301076,1909f56bfc062723c751e8b465ee728b)
Start importing Assets/ANGRY MESH/Snowman/Sources/Textures/Snowman_Albedo_01 (A Smoothness).tga using Guid(af34d5250cbec6048ada82f96fd8eb2f) Importer(815301076,1909f56bfc062723c751e8b465ee728b)  -> (artifact id: '7ae766937e3adbcfffea8356e4f3792e') in 0.018738 seconds
  Import took 0.021058 seconds .

========================================================================
Received Import Request.
  Time since last request: 0.000245 seconds.
  path: Assets/ANGRY MESH/Snowman/Sources/Textures/Snow_Particles.tga
  artifactKey: Guid(fa95cafbfb616ce41a97d03594d7d8fb) Importer(815301076,1909f56bfc062723c751e8b465ee728b)
Start importing Assets/ANGRY MESH/Snowman/Sources/Textures/Snow_Particles.tga using Guid(fa95cafbfb616ce41a97d03594d7d8fb) Importer(815301076,1909f56bfc062723c751e8b465ee728b)  -> (artifact id: 'c68ea9884c94b1946c093280c24ad517') in 0.007941 seconds
  Import took 0.009951 seconds .

========================================================================
Received Import Request.
  Time since last request: 0.000295 seconds.
  path: Assets/ANGRY MESH/Snowman/Sources/Materials/Snowman_03.mat
  artifactKey: Guid(4cac6c2aa1a2e7e42adc553f43c3ea63) Importer(815301076,1909f56bfc062723c751e8b465ee728b)
Start importing Assets/ANGRY MESH/Snowman/Sources/Materials/Snowman_03.mat using Guid(4cac6c2aa1a2e7e42adc553f43c3ea63) Importer(815301076,1909f56bfc062723c751e8b465ee728b)  -> (artifact id: '2b515d5e221ae2df536d3bb91a2787f4') in 0.074907 seconds
  Import took 0.077081 seconds .

========================================================================
Received Import Request.
  Time since last request: 0.000154 seconds.
  path: Assets/ANGRY MESH/Snowman/Sources/Textures/Helper_Color_01.tga
  artifactKey: Guid(40ffcc3226f38274b9bab409e13a0351) Importer(815301076,1909f56bfc062723c751e8b465ee728b)
Start importing Assets/ANGRY MESH/Snowman/Sources/Textures/Helper_Color_01.tga using Guid(40ffcc3226f38274b9bab409e13a0351) Importer(815301076,1909f56bfc062723c751e8b465ee728b)  -> (artifact id: '0cf5d9d22ec26fe575ddb5d9956f8c57') in 0.007283 seconds
  Import took 0.008935 seconds .

========================================================================
Received Import Request.
  Time since last request: 0.000174 seconds.
  path: Assets/ANGRY MESH/Snowman/Sources/Textures/Snowman_AO.tga
  artifactKey: Guid(57029af9b4035c74e9438bacb13c92da) Importer(815301076,1909f56bfc062723c751e8b465ee728b)
Start importing Assets/ANGRY MESH/Snowman/Sources/Textures/Snowman_AO.tga using Guid(57029af9b4035c74e9438bacb13c92da) Importer(815301076,1909f56bfc062723c751e8b465ee728b)  -> (artifact id: '9b9ec475b6942645973a430805e8c48d') in 0.011399 seconds
  Import took 0.013037 seconds .

========================================================================
Received Import Request.
  Time since last request: 0.000181 seconds.
  path: Assets/ANGRY MESH/Snowman/Sources/Materials/Snowman_02.mat
  artifactKey: Guid(cda2377c044674946a9f19ff4c3d9aa5) Importer(815301076,1909f56bfc062723c751e8b465ee728b)
Start importing Assets/ANGRY MESH/Snowman/Sources/Materials/Snowman_02.mat using Guid(cda2377c044674946a9f19ff4c3d9aa5) Importer(815301076,1909f56bfc062723c751e8b465ee728b)  -> (artifact id: '1f5255ceadd46c1fa14df578c6187d71') in 0.034547 seconds
  Import took 0.036720 seconds .

========================================================================
Received Import Request.
  Time since last request: 0.000155 seconds.
  path: Assets/ANGRY MESH/Snowman/Sources/Textures/Snowman_Albedo_03 (A Smoothness).tga
  artifactKey: Guid(147972da3bfefeb4aa797d6a7b199e62) Importer(815301076,1909f56bfc062723c751e8b465ee728b)
Start importing Assets/ANGRY MESH/Snowman/Sources/Textures/Snowman_Albedo_03 (A Smoothness).tga using Guid(147972da3bfefeb4aa797d6a7b199e62) Importer(815301076,1909f56bfc062723c751e8b465ee728b)  -> (artifact id: '11ec49dbc464d113a46dafb0b28ff5cb') in 0.016982 seconds
  Import took 0.018689 seconds .

========================================================================
Received Import Request.
  Time since last request: 0.000137 seconds.
  path: Assets/ANGRY MESH/Snowman/Sources/Materials/Snowman_01.mat
  artifactKey: Guid(d685de567cf8c7a459a4166d9b1d3408) Importer(815301076,1909f56bfc062723c751e8b465ee728b)
Start importing Assets/ANGRY MESH/Snowman/Sources/Materials/Snowman_01.mat using Guid(d685de567cf8c7a459a4166d9b1d3408) Importer(815301076,1909f56bfc062723c751e8b465ee728b)  -> (artifact id: '534fb343a06f27d0c611db207f380744') in 0.029863 seconds
  Import took 0.031929 seconds .

========================================================================
Received Import Request.
  Time since last request: 0.000368 seconds.
  path: Assets/ANGRY MESH/Snowman/Sources/Materials/Skybox.mat
  artifactKey: Guid(0045384acbb78fa4caea18b87f4aaa94) Importer(815301076,1909f56bfc062723c751e8b465ee728b)
Start importing Assets/ANGRY MESH/Snowman/Sources/Materials/Skybox.mat using Guid(0045384acbb78fa4caea18b87f4aaa94) Importer(815301076,1909f56bfc062723c751e8b465ee728b)  -> (artifact id: 'b1186038bec98cf90ffa36990b4e9254') in 0.098105 seconds
  Import took 0.100423 seconds .

========================================================================
Received Import Request.
  Time since last request: 0.000175 seconds.
  path: Assets/ANGRY MESH/Snowman/Sources/Textures/Snowman_Normal.tga
  artifactKey: Guid(055d1b601cc34484999b606bf65b1da3) Importer(815301076,1909f56bfc062723c751e8b465ee728b)
Start importing Assets/ANGRY MESH/Snowman/Sources/Textures/Snowman_Normal.tga using Guid(055d1b601cc34484999b606bf65b1da3) Importer(815301076,1909f56bfc062723c751e8b465ee728b)  -> (artifact id: '32f0b3dfb14b6de531042d6c5c1f76ab') in 0.014633 seconds
  Import took 0.016717 seconds .

========================================================================
Received Import Request.
  Time since last request: 0.000210 seconds.
  path: Assets/ANGRY MESH/Snowman/Sources/Textures/Ground_Snow_NM.tga
  artifactKey: Guid(9065286a47514d84ea14865372fef43f) Importer(815301076,1909f56bfc062723c751e8b465ee728b)
Start importing Assets/ANGRY MESH/Snowman/Sources/Textures/Ground_Snow_NM.tga using Guid(9065286a47514d84ea14865372fef43f) Importer(815301076,1909f56bfc062723c751e8b465ee728b)  -> (artifact id: '713b83c315d336c7947652d5116013c9') in 0.014401 seconds
  Import took 0.016853 seconds .

========================================================================
Received Import Request.
  Time since last request: 0.000159 seconds.
  path: Assets/ANGRY MESH/Snowman/Sources/Textures/Snowman_Albedo_02 (A Smoothness).tga
  artifactKey: Guid(2919a2e46981b72499acb6a0502aecec) Importer(815301076,1909f56bfc062723c751e8b465ee728b)
Start importing Assets/ANGRY MESH/Snowman/Sources/Textures/Snowman_Albedo_02 (A Smoothness).tga using Guid(2919a2e46981b72499acb6a0502aecec) Importer(815301076,1909f56bfc062723c751e8b465ee728b)  -> (artifact id: 'd8d00e03bffabde49b15f59c5502bb8d') in 0.012601 seconds
  Import took 0.015118 seconds .

========================================================================
Received Import Request.
  Time since last request: 35.564689 seconds.
  path: Assets/ANGRY MESH/Snowman/Sources/Meshes/Snowman.FBX
  artifactKey: Guid(9149b010c2de52f49ad44dee5494fd00) Importer(815301076,1909f56bfc062723c751e8b465ee728b)
Start importing Assets/ANGRY MESH/Snowman/Sources/Meshes/Snowman.FBX using Guid(9149b010c2de52f49ad44dee5494fd00) Importer(815301076,1909f56bfc062723c751e8b465ee728b)  -> (artifact id: '6dee7aaf8fd0af3174b436be50cfaf0f') in 0.063980 seconds
  Import took 0.066569 seconds .

========================================================================
Received Import Request.
  Time since last request: 108.107841 seconds.
  path: Assets/ANGRY MESH/Snowman/Snowman_Terrain.asset
  artifactKey: Guid(13791977a344a3445872baf8b112246f) Importer(815301076,1909f56bfc062723c751e8b465ee728b)
Start importing Assets/ANGRY MESH/Snowman/Snowman_Terrain.asset using Guid(13791977a344a3445872baf8b112246f) Importer(815301076,1909f56bfc062723c751e8b465ee728b) Received signal SIGSEGV
Stack trace:
0x00007ff674ce4a9a (Unity) CreateAssetToGUIDMappingV2
0x00007ff674c47790 (Unity) AssetDatabase::CreateAssetToGUIDMapping
0x00007ff673a58a05 (Unity) SplatDatabase::CreateTerrainLayerAsset
0x00007ff673a576c0 (Unity) SplatDatabase::ConvertSplatsToTerrainLayers
0x00007ff673a5466c (Unity) SplatDatabase::AwakeFromLoad
0x00007ff673a9f0d6 (Unity) TerrainData::AwakeFromLoad
0x00007ff673610e2f (Unity) AwakeFromLoadQueue::InvokePersistentManagerAwake
0x00007ff673611782 (Unity) AwakeFromLoadQueue::PersistentManagerAwakeFromLoad
0x00007ff67361190a (Unity) AwakeFromLoadQueue::PersistentManagerAwakeFromLoad
0x00007ff67359d02e (Unity) PersistentManager::IntegrateAllThreadedObjects
0x00007ff67359da47 (Unity) PersistentManager::LoadAndIntegrateAllPreallocatedObjects
0x00007ff6735a0f93 (Unity) PersistentManager::ReadObject
0x00007ff674c40041 (Unity) WritePreviews
0x00007ff674c39efe (Unity) PreviewImporter::GenerateAssetData
0x00007ff674d29a09 (Unity) ImportToObjects
0x00007ff674d28b19 (Unity) ImportAsset
0x00007ff674c8ab78 (Unity) AssetImportWorker::Import
0x00007ff674cdeb6f (Unity) <lambda_e7e5f5e49556456463706cfa5dd72d0a>::operator()
0x00007ff674d81ad2 (Unity) asio::detail::completion_handler<core::mutable_function<void __cdecl(void)> >::do_complete
0x00007ff674d83c30 (Unity) asio::detail::win_iocp_io_service::do_one
0x00007ff674d873be (Unity) asio::io_service::run
0x00007ff674d0aa6b (Unity) RunAssetImportWorkerClientV2
0x00007ff674d0aac0 (Unity) RunAssetImporterV2
0x00007ff6741fc396 (Unity) Application::InitializeProject
0x00007ff674b7f492 (Unity) WinMain
0x00007ff6769c46e6 (Unity) __scrt_common_main_seh
0x00007ff853577034 (KERNEL32) BaseThreadInitThunk
0x00007ff854ba2651 (ntdll) RtlUserThreadStart

